// 同步 ID: 7ce2728f @ Sun Jun 14 17:29:13 UTC 2026
// 同步 ID: 96c6fb83 @ Sat Jun 20 16:05:24 UTC 2026
// 重构日志: b9d9aef2
// 重构日志: 6156b6dc
// 重构日志: 27ff14e1
// 同步 ID: a99392bd @ Sat Jun 27 13:57:01 UTC 2026
// 同步 ID: dbd6076f @ Sat Jun 27 18:00:18 UTC 2026
// 同步 ID: d5f1d7d8 @ Mon Jun 29 13:13:57 UTC 2026
// 同步 ID: f36daac2 @ Wed Jul  1 12:23:32 UTC 2026
// 重构日志: 7acbe696
// 同步 ID: bdc5ffab @ Sun Jul  5 23:43:35 UTC 2026
// 重构日志: b71a2062
// 重构日志: 94e56c48
// 同步 ID: 3f477f14 @ Fri Jul 10 13:05:58 UTC 2026
// 同步 ID: 33111cf6 @ Fri Jul 10 16:33:57 UTC 2026
// 重构日志: 2b68461b
// 同步 ID: 6177052c @ Sat Jul 11 14:57:57 UTC 2026
// 重构日志: b09062e3
// 同步 ID: 9a22bb64 @ Sun Jul 12 00:08:47 UTC 2026
// 同步 ID: f0b61959 @ Sun Jul 12 01:45:37 UTC 2026
// 重构日志: 25f5a3cd
// 重构日志: 40cce64f
// 重构日志: ec603e5a
// 同步 ID: b3e8c2de @ Wed Jul 15 09:57:30 UTC 2026
// 重构日志: 8ce046a1
// 同步 ID: a830b3cd @ Thu Jul 16 08:10:52 UTC 2026
// 同步 ID: 06539648 @ Thu Jul 16 10:05:28 UTC 2026
